<?xml version="1.0" encoding="UTF-8"?>
<testsuite xmlns:xsi="http://www.w3.org/2001/XMLSchema-instance" xsi:noNamespaceSchemaLocation="https://maven.apache.org/surefire/maven-surefire-plugin/xsd/surefire-test-report-3.0.xsd" version="3.0" name="com.leela.quizapp.QuizappApplicationTests" time="6.397" tests="1" errors="0" skipped="0" failures="0">
  <properties>
[...]
</properties>
  <testcase name="contextLoads" classname="com.leela.quizapp.QuizappApplicationTests" time="0.591">
    <system-out><![CDATA[12:47:46.470 [main] INFO org.springframework.test.context.support.AnnotationConfigContextLoaderUtils -- Could not detect default configuration classes for test class [com.leela.quizapp.QuizappApplicationTests]: QuizappApplicationTests does not declare any static, non-private, non-final, nested classes annotated with @Configuration.
12:47:46.779 [main] INFO org.springframework.boot.test.context.SpringBootTestContextBootstrapper -- Found @SpringBootConfiguration com.leela.quizapp.QuizappApplication for test class com.leela.quizapp.QuizappApplicationTests

  .   ____          _            __ _ _
 /\\ / ___'_ __ _ _(_)_ __  __ _ \ \ \ \
( ( )\___ | '_ | '_| | '_ \/ _` | \ \ \ \
 \\/  ___)| |_)| | | | | || (_| |  ) ) ) )
  '  |____| .__|_| |_|_| |_\__, | / / / /
 =========|_|==============|___/=/_/_/_/
 :: Spring Boot ::                (v3.2.0)

2023-12-18T12:47:47.467+05:30  INFO 7452 --- [QUIZ-APP] [           main] c.leela.quizapp.QuizappApplicationTests  : Starting QuizappApplicationTests using Java 18.0.2 with PID 7452 (started by IIPE in C:\Users\IIPE\Desktop\Leela\quizapp-api)
2023-12-18T12:47:47.468+05:30  INFO 7452 --- [QUIZ-APP] [           main] c.leela.quizapp.QuizappApplicationTests  : No active profile set, falling back to 1 default profile: "default"
2023-12-18T12:47:48.386+05:30  INFO 7452 --- [QUIZ-APP] [           main] .s.d.r.c.RepositoryConfigurationDelegate : Bootstrapping Spring Data JPA repositories in DEFAULT mode.
2023-12-18T12:47:48.446+05:30  INFO 7452 --- [QUIZ-APP] [           main] .s.d.r.c.RepositoryConfigurationDelegate : Finished Spring Data repository scanning in 50 ms. Found 2 JPA repository interfaces.
2023-12-18T12:47:49.045+05:30  INFO 7452 --- [QUIZ-APP] [           main] o.hibernate.jpa.internal.util.LogHelper  : HHH000204: Processing PersistenceUnitInfo [name: default]
2023-12-18T12:47:49.122+05:30  INFO 7452 --- [QUIZ-APP] [           main] org.hibernate.Version                    : HHH000412: Hibernate ORM core version 6.3.1.Final
2023-12-18T12:47:49.205+05:30  INFO 7452 --- [QUIZ-APP] [           main] o.h.c.internal.RegionFactoryInitiator    : HHH000026: Second-level cache disabled
2023-12-18T12:47:49.510+05:30  INFO 7452 --- [QUIZ-APP] [           main] o.s.o.j.p.SpringPersistenceUnitInfo      : No LoadTimeWeaver setup: ignoring JPA class transformer
2023-12-18T12:47:49.540+05:30  INFO 7452 --- [QUIZ-APP] [           main] com.zaxxer.hikari.HikariDataSource       : HikariPool-1 - Starting...
2023-12-18T12:47:49.777+05:30  INFO 7452 --- [QUIZ-APP] [           main] com.zaxxer.hikari.pool.HikariPool        : HikariPool-1 - Added connection org.postgresql.jdbc.PgConnection@60dcf9ec
2023-12-18T12:47:49.778+05:30  INFO 7452 --- [QUIZ-APP] [           main] com.zaxxer.hikari.HikariDataSource       : HikariPool-1 - Start completed.
2023-12-18T12:47:49.814+05:30  WARN 7452 --- [QUIZ-APP] [           main] org.hibernate.orm.deprecation            : HHH90000025: PostgreSQLDialect does not need to be specified explicitly using 'hibernate.dialect' (remove the property setting and it will be selected by default)
2023-12-18T12:47:50.870+05:30  INFO 7452 --- [QUIZ-APP] [           main] o.h.e.t.j.p.i.JtaPlatformInitiator       : HHH000489: No JTA platform available (set 'hibernate.transaction.jta.platform' to enable JTA platform integration)
2023-12-18T12:47:50.960+05:30  INFO 7452 --- [QUIZ-APP] [           main] j.LocalContainerEntityManagerFactoryBean : Initialized JPA EntityManagerFactory for persistence unit 'default'
2023-12-18T12:47:51.314+05:30  INFO 7452 --- [QUIZ-APP] [           main] o.s.d.j.r.query.QueryEnhancerFactory     : Hibernate is in classpath; If applicable, HQL parser will be used.
2023-12-18T12:47:51.490+05:30  WARN 7452 --- [QUIZ-APP] [           main] JpaBaseConfiguration$JpaWebConfiguration : spring.jpa.open-in-view is enabled by default. Therefore, database queries may be performed during view rendering. Explicitly configure spring.jpa.open-in-view to disable this warning
2023-12-18T12:47:51.881+05:30  INFO 7452 --- [QUIZ-APP] [           main] c.leela.quizapp.QuizappApplicationTests  : Started QuizappApplicationTests in 4.844 seconds (process running for 6.579)
]]></system-out>
  </testcase>
</testsuite>